<?xml version="1.0" encoding="UTF-8"?>
<testsuite name="my.data.structures.LinkedListTest" tests="7" skipped="0" failures="0" errors="0" timestamp="2023-03-05T10:10:06" hostname="DESKTOP-R1KAM7P" time="0.033">
  <properties/>
  <testcase name="Insert method test" classname="my.data.structures.LinkedListTest" time="0.021"/>
  <testcase name="RemoveAt method test" classname="my.data.structures.LinkedListTest" time="0.0"/>
  <testcase name="Pop method test" classname="my.data.structures.LinkedListTest" time="0.001"/>
  <testcase name="Size method test" classname="my.data.structures.LinkedListTest" time="0.001"/>
  <testcase name="Print method test" classname="my.data.structures.LinkedListTest" time="0.001"/>
  <testcase name="InsertAt method test" classname="my.data.structures.LinkedListTest" time="0.001"/>
  <testcase name="Reverse method test" classname="my.data.structures.LinkedListTest" time="0.0"/>
  <system-out><![CDATA[]]></system-out>
  <system-err><![CDATA[]]></system-err>
</testsuite>
